<?xml version="1.0" encoding="UTF-8"?>
<!-- Generated by org.testng.reporters.JUnitReportReporter -->
<testsuite hostname="APHRJHD3283098" failures="0" tests="1" name="com.test.UIAutomation.homepage.TC101_VerifyLoginPage" time="1.643" errors="0" timestamp="2019-12-10T12:08:44 PST" skipped="0">
  <testcase classname="com.test.UIAutomation.homepage.TC101_VerifyLoginPage" name="verifyValidLogin" time="1.643"/>
</testsuite> <!-- com.test.UIAutomation.homepage.TC101_VerifyLoginPage -->
